Arguments: 
  C:\Program Files\nodejs\node.exe C:\Users\DARKY\AppData\Roaming\npm\node_modules\yarn\bin\yarn.js add bcyrptjs

PATH: 
  C:\Program Files\Common Files\Oracle\Java\javapath;C:\Program Files (x86)\VMware\VMware Workstation\bin\;C:\Program Files\Microsoft\jdk-11.0.12.7-hotspot\bin;C:\WINDOWS\system32;C:\WINDOWS;C:\WINDOWS\System32\Wbem;C:\WINDOWS\System32\WindowsPowerShell\v1.0\;C:\WINDOWS\System32\OpenSSH\;C:\Program Files\Geth;C:\Program Files\Go\bin;C:\Users\DARKY\.cargo\bin;C:\Users\DARKY\AppData\Roaming\npm;C:\Program Files\dotnet\;C:\Program Files\Microsoft SQL Server\Client SDK\ODBC\170\Tools\Binn\;C:\Program Files\Microsoft SQL Server\150\Tools\Binn\;C:\WINDOWS\system32;C:\WINDOWS;C:\WINDOWS\System32\Wbem;C:\WINDOWS\System32\WindowsPowerShell\v1.0\;C:\WINDOWS\System32\OpenSSH\;C:\Program Files\Git\cmd;C:\Program Files\Git\mingw64\bin;C:\Program Files\Git\usr\bin;C:\Program Files\nodejs\;C:\Users\DARKY\AppData\Local\Android\Sdk\platform-tools;C:\Ruby31-x64\msys64\usr\bin;C:\Program Files\Docker\Docker\resources\bin;C:\ProgramData\DockerDesktop\version-bin;C:\Users\DARKY\AppData\Local\Programs\Python\Python36;C:\Users\DARKY\AppData\Local\Programs\Python\Python36\Scripts;C:\Ruby31-x64\bin;C:\Users\DARKY\.local\share\solana\install\active_release\bin;C:\Users\DARKY\.cargo\bin;C:\Users\DARKY\AppData\Local\Microsoft\WindowsApps;C:\Users\DARKY\go\bin;C:\Users\DARKY\AppData\Local\Programs\Microsoft VS Code\bin;C:\Users\DARKY\AppData\Local\GitHubDesktop\bin;C:\Users\DARKY\.dotnet\tools;C:\Users\DARKY\AppData\Roaming\npm;C:\Users\DARKY\AppData\Local\Android\Sdk\platform-tools;C:\Ruby31-x64\msys64\usr\bin;C:\Users\DARKY\AppData\Local\Programs\Python\Python36;

Yarn version: 
  1.22.18

Node version: 
  16.15.0

Platform: 
  win32 x64

Trace: 
  Error: https://registry.yarnpkg.com/bcyrptjs: Not found
      at Request.params.callback [as _callback] (C:\Users\DARKY\AppData\Roaming\npm\node_modules\yarn\lib\cli.js:66138:18)
      at Request.self.callback (C:\Users\DARKY\AppData\Roaming\npm\node_modules\yarn\lib\cli.js:140883:22)
      at Request.emit (node:events:527:28)
      at Request.<anonymous> (C:\Users\DARKY\AppData\Roaming\npm\node_modules\yarn\lib\cli.js:141855:10)
      at Request.emit (node:events:527:28)
      at IncomingMessage.<anonymous> (C:\Users\DARKY\AppData\Roaming\npm\node_modules\yarn\lib\cli.js:141777:12)
      at Object.onceWrapper (node:events:641:28)
      at IncomingMessage.emit (node:events:539:35)
      at endReadableNT (node:internal/streams/readable:1345:12)
      at processTicksAndRejections (node:internal/process/task_queues:83:21)

npm manifest: 
  {
    "name": "backend",
    "version": "1.0.0",
    "description": "",
    "main": "index.js",
    "scripts": {
      "start": "nodemon app.js",
      "test": "echo \"Error: no test specified\" && exit 1"
    },
    "keywords": [],
    "author": "",
    "license": "ISC",
    "dependencies": {
      "body-parser": "^1.20.0",
      "cors": "^2.8.5",
      "dotenv": "^16.0.1",
      "express": "^4.18.1",
      "mongodb": "^4.8.0",
      "mongoose": "^6.4.4"
    }
  }

yarn manifest: 
  No manifest

Lockfile: 
  No lockfile
